7997 2013-06-12 15:31:41.195 WARNING nova.compute.manager [req-7359b476-3221-4066-96d2-a50dca18f660 None None] Found 0 in the database and 1 on the hypervisor.
7998 2013-06-12 15:31:41.196 INFO nova.compute.manager [req-7359b476-3221-4066-96d2-a50dca18f660 None None] Updating bandwidth usage cache
7999 2013-06-12 15:32:07.172 AUDIT nova.compute.manager [req-e778d5cc-304c-4a3b-8eca-f119471aaed8 937ba75aebc44ec7baf2f23a1ef2b216 2cc2ed7b99a94e06b83328f8ce3eff80] [instance: b880dbe1-ee2b-4997-bcdc-c87369a549ed] Starting instance...
8000 2013-06-12 15:32:07.357 AUDIT nova.compute.claims [req-e778d5cc-304c-4a3b-8eca-f119471aaed8 937ba75aebc44ec7baf2f23a1ef2b216 2cc2ed7b99a94e06b83328f8ce3eff80] [instance: b880dbe1-ee2b-4997-bcdc-c87369a549ed] Attempting claim: memory 4096 MB, disk 4     0 GB, VCPUs 2
8001 2013-06-12 15:32:07.358 AUDIT nova.compute.claims [req-e778d5cc-304c-4a3b-8eca-f119471aaed8 937ba75aebc44ec7baf2f23a1ef2b216 2cc2ed7b99a94e06b83328f8ce3eff80] [instance: b880dbe1-ee2b-4997-bcdc-c87369a549ed] Total Memory: 32137 MB, used: 512 MB
8002 2013-06-12 15:32:07.359 AUDIT nova.compute.claims [req-e778d5cc-304c-4a3b-8eca-f119471aaed8 937ba75aebc44ec7baf2f23a1ef2b216 2cc2ed7b99a94e06b83328f8ce3eff80] [instance: b880dbe1-ee2b-4997-bcdc-c87369a549ed] Memory limit not specified, defaulting t     o unlimited
8003 2013-06-12 15:32:07.360 AUDIT nova.compute.claims [req-e778d5cc-304c-4a3b-8eca-f119471aaed8 937ba75aebc44ec7baf2f23a1ef2b216 2cc2ed7b99a94e06b83328f8ce3eff80] [instance: b880dbe1-ee2b-4997-bcdc-c87369a549ed] Total Disk: 243 GB, used: 0 GB
8004 2013-06-12 15:32:07.360 AUDIT nova.compute.claims [req-e778d5cc-304c-4a3b-8eca-f119471aaed8 937ba75aebc44ec7baf2f23a1ef2b216 2cc2ed7b99a94e06b83328f8ce3eff80] [instance: b880dbe1-ee2b-4997-bcdc-c87369a549ed] Disk limit not specified, defaulting to      unlimited
8005 2013-06-12 15:32:07.361 AUDIT nova.compute.claims [req-e778d5cc-304c-4a3b-8eca-f119471aaed8 937ba75aebc44ec7baf2f23a1ef2b216 2cc2ed7b99a94e06b83328f8ce3eff80] [instance: b880dbe1-ee2b-4997-bcdc-c87369a549ed] Total CPU: 32 VCPUs, used: 0 VCPUs
8006 2013-06-12 15:32:07.361 AUDIT nova.compute.claims [req-e778d5cc-304c-4a3b-8eca-f119471aaed8 937ba75aebc44ec7baf2f23a1ef2b216 2cc2ed7b99a94e06b83328f8ce3eff80] [instance: b880dbe1-ee2b-4997-bcdc-c87369a549ed] CPU limit not specified, defaulting to u     nlimited
8007 2013-06-12 15:32:07.361 AUDIT nova.compute.claims [req-e778d5cc-304c-4a3b-8eca-f119471aaed8 937ba75aebc44ec7baf2f23a1ef2b216 2cc2ed7b99a94e06b83328f8ce3eff80] [instance: b880dbe1-ee2b-4997-bcdc-c87369a549ed] Claim successful
8008 2013-06-12 15:32:08.773 INFO nova.virt.libvirt.driver [req-e778d5cc-304c-4a3b-8eca-f119471aaed8 937ba75aebc44ec7baf2f23a1ef2b216 2cc2ed7b99a94e06b83328f8ce3eff80] [instance: b880dbe1-ee2b-4997-bcdc-c87369a549ed] Creating image
8009 2013-06-12 15:32:10.163 ERROR nova.compute.manager [req-e778d5cc-304c-4a3b-8eca-f119471aaed8 937ba75aebc44ec7baf2f23a1ef2b216 2cc2ed7b99a94e06b83328f8ce3eff80] [instance: b880dbe1-ee2b-4997-bcdc-c87369a549ed] Instance failed to spawn
8010 2013-06-12 15:32:10.163 59494 TRACE nova.compute.manager [instance: b880dbe1-ee2b-4997-bcdc-c87369a549ed] Traceback (most recent call last):
8011 2013-06-12 15:32:10.163 59494 TRACE nova.compute.manager [instance: b880dbe1-ee2b-4997-bcdc-c87369a549ed]   File "/usr/lib/python2.7/dist-packages/nova/compute/manager.py", line 1103, in _spawn
8012 2013-06-12 15:32:10.163 59494 TRACE nova.compute.manager [instance: b880dbe1-ee2b-4997-bcdc-c87369a549ed]     block_device_info)
8013 2013-06-12 15:32:10.163 59494 TRACE nova.compute.manager [instance: b880dbe1-ee2b-4997-bcdc-c87369a549ed]   File "/usr/lib/python2.7/dist-packages/nova/virt/libvirt/driver.py", line 1526, in spawn
8014 2013-06-12 15:32:10.163 59494 TRACE nova.compute.manager [instance: b880dbe1-ee2b-4997-bcdc-c87369a549ed]     write_to_disk=True)
8015 2013-06-12 15:32:10.163 59494 TRACE nova.compute.manager [instance: b880dbe1-ee2b-4997-bcdc-c87369a549ed]   File "/usr/lib/python2.7/dist-packages/nova/virt/libvirt/driver.py", line 2336, in to_xml
8016 2013-06-12 15:32:10.163 59494 TRACE nova.compute.manager [instance: b880dbe1-ee2b-4997-bcdc-c87369a549ed]     disk_info, rescue, block_device_info)
8017 2013-06-12 15:32:10.163 59494 TRACE nova.compute.manager [instance: b880dbe1-ee2b-4997-bcdc-c87369a549ed]   File "/usr/lib/python2.7/dist-packages/nova/virt/libvirt/driver.py", line 2260, in get_guest_config
8018 2013-06-12 15:32:10.163 59494 TRACE nova.compute.manager [instance: b880dbe1-ee2b-4997-bcdc-c87369a549ed]     image_meta)
8019 2013-06-12 15:32:10.163 59494 TRACE nova.compute.manager [instance: b880dbe1-ee2b-4997-bcdc-c87369a549ed]   File "/usr/lib/python2.7/dist-packages/nova/virt/libvirt/mlnx/vif.py", line 83, in get_config
8020 2013-06-12 15:32:10.163 59494 TRACE nova.compute.manager [instance: b880dbe1-ee2b-4997-bcdc-c87369a549ed]     raise exception.NovaException(_("Processing Failure during  vNIC allocation"))
8021 2013-06-12 15:32:10.163 59494 TRACE nova.compute.manager [instance: b880dbe1-ee2b-4997-bcdc-c87369a549ed] NovaException: Processing Failure during  vNIC allocation
8022 2013-06-12 15:32:10.163 59494 TRACE nova.compute.manager [instance: b880dbe1-ee2b-4997-bcdc-c87369a549ed]
8023 2013-06-12 15:32:10.271 AUDIT nova.compute.manager [req-e778d5cc-304c-4a3b-8eca-f119471aaed8 937ba75aebc44ec7baf2f23a1ef2b216 2cc2ed7b99a94e06b83328f8ce3eff80] [instance: b880dbe1-ee2b-4997-bcdc-c87369a549ed] Terminating instance
8024 2013-06-12 15:32:10.774 59494 ERROR nova.virt.libvirt.driver [-] [instance: b880dbe1-ee2b-4997-bcdc-c87369a549ed] During wait destroy, instance disappeared.
8025 2013-06-12 15:32:11.781 WARNING nova.virt.libvirt.mlnx.vif [req-e778d5cc-304c-4a3b-8eca-f119471aaed8 937ba75aebc44ec7baf2f23a1ef2b216 2cc2ed7b99a94e06b83328f8ce3eff80] Failed while unplugging vif MlxException: eSwitchD: Timeout processing  request
8026 2013-06-12 15:32:11.782 INFO nova.virt.libvirt.firewall [req-e778d5cc-304c-4a3b-8eca-f119471aaed8 937ba75aebc44ec7baf2f23a1ef2b216 2cc2ed7b99a94e06b83328f8ce3eff80] [instance: b880dbe1-ee2b-4997-bcdc-c87369a549ed] Attempted to unfilter instance whi     ch is not filtered
8027 2013-06-12 15:32:11.782 INFO nova.virt.libvirt.driver [req-e778d5cc-304c-4a3b-8eca-f119471aaed8 937ba75aebc44ec7baf2f23a1ef2b216 2cc2ed7b99a94e06b83328f8ce3eff80] [instance: b880dbe1-ee2b-4997-bcdc-c87369a549ed] Deleting instance files /var/lib/nov     a/instances/b880dbe1-ee2b-4997-bcdc-c87369a549ed
8028 2013-06-12 15:32:11.794 59494 INFO nova.openstack.common.rpc.common [-] Connected to AMQP server on 10.10.10.53:5672
8029 2013-06-12 15:32:11.949 ERROR nova.compute.manager [req-e778d5cc-304c-4a3b-8eca-f119471aaed8 937ba75aebc44ec7baf2f23a1ef2b216 2cc2ed7b99a94e06b83328f8ce3eff80] [instance: b880dbe1-ee2b-4997-bcdc-c87369a549ed] Error: ['Traceback (most recent call la     st):\n', '  File "/usr/lib/python2.7/dist-packages/nova/compute/manager.py", line 848, in _run_instance\n    set_access_ip=set_access_ip)\n', '  File "/usr/lib/python2.7/dist-packages/nova/compute/manager.py", line 1107, in _spawn\n    LOG.exceptio     n(_(\'Instance failed to spawn\'), instance=instance)\n', '  File "/usr/lib/python2.7/contextlib.py", line 24, in __exit__\n    self.gen.next()\n', '  File "/usr/lib/python2.7/dist-packages/nova/compute/manager.py", line 1103, in _spawn\n    block_     device_info)\n', '  File "/usr/lib/python2.7/dist-packages/nova/virt/libvirt/driver.py", line 1526, in spawn\n    write_to_disk=True)\n', '  File "/usr/lib/python2.7/dist-packages/nova/virt/libvirt/driver.py", line 2336, in to_xml\n    disk_info, r     escue, block_device_info)\n', '  File "/usr/lib/python2.7/dist-packages/nova/virt/libvirt/driver.py", line 2260, in get_guest_config\n    image_meta)\n', 
'  File "/usr/lib/python2.7/dist-packages/nova/virt/libvirt/mlnx/vif.py", line 83, in get_config\n    raise exception.NovaException(_("Processing Failure during  vNIC allocation"))\n', 'NovaException: Processing Failure during  vNIC allocation\n']
8030 2013-06-12 15:32:41.343 59494 AUDIT nova.compute.resource_tracker [-] Auditing locally available compute resources
8031 2013-06-12 15:32:41.556 59494 AUDIT nova.compute.resource_tracker [-] Free ram (MB): 31625
8032 2013-06-12 15:32:41.557 59494 AUDIT nova.compute.resource_tracker [-] Free disk (GB): 243
8033 2013-06-12 15:32:41.557 59494 AUDIT nova.compute.resource_tracker [-] Free VCPUS: 32
8034 2013-06-12 15:32:41.629 59494 INFO nova.compute.resource_tracker [-] Compute_service record updated for oz-controller:oz-controller

